<?xml version="1.0" encoding="UTF-8"?>
<!-- Generated by org.testng.reporters.JUnitXMLReporter -->
<testsuite ignored="0" hostname="srini" failures="0" tests="3" name="Default test" time="0.034" errors="0" timestamp="2023-05-23T10:25:53 BST">
  <testcase classname="testngDemo.Allannotationsdemo" name="f" time="0.005"/>
  <testcase classname="testngDemo.Allannotationsdemo" name="f1" time="0.001"/>
  <testcase classname="testngDemo.Allannotationsdemo" name="f2" time="0.001"/>
</testsuite> <!-- Default test -->
