<?xml version="1.0" encoding="UTF-8"?>
<testng-results ignored="0" total="2" passed="2" failed="0" skipped="0">
  <reporter-output>
  </reporter-output>
  <suite started-at="2023-05-22T14:14:40 BST" name="Suite" finished-at="2023-05-22T14:14:48 BST" duration-ms="8167">
    <groups>
    </groups>
    <test started-at="2023-05-22T14:14:40 BST" name="Test" finished-at="2023-05-22T14:14:48 BST" duration-ms="8167">
      <class name="pom.Logintest">
        <test-method is-config="true" signature="setup()[pri:0, instance:pom.Logintest@15ff3e9e]" started-at="2023-05-22T14:14:40 BST" name="setup" finished-at="2023-05-22T14:14:47 BST" duration-ms="6825" status="PASS">
          <reporter-output>
          </reporter-output>
        </test-method> <!-- setup -->
        <test-method signature="testlogo()[pri:0, instance:pom.Logintest@15ff3e9e]" started-at="2023-05-22T14:14:47 BST" name="testlogo" finished-at="2023-05-22T14:14:47 BST" duration-ms="30" status="PASS">
          <reporter-output>
          </reporter-output>
        </test-method> <!-- testlogo -->
        <test-method signature="testlogin()[pri:1, instance:pom.Logintest@15ff3e9e]" started-at="2023-05-22T14:14:47 BST" name="testlogin" finished-at="2023-05-22T14:14:48 BST" duration-ms="1145" status="PASS">
          <reporter-output>
          </reporter-output>
        </test-method> <!-- testlogin -->
        <test-method is-config="true" signature="teardown()[pri:0, instance:pom.Logintest@15ff3e9e]" started-at="2023-05-22T14:14:48 BST" name="teardown" finished-at="2023-05-22T14:14:48 BST" duration-ms="136" status="PASS">
          <reporter-output>
          </reporter-output>
        </test-method> <!-- teardown -->
      </class> <!-- pom.Logintest -->
    </test> <!-- Test -->
  </suite> <!-- Suite -->
</testng-results>
